TS-Android/app/build/outputs/logs/manifest-merger-debug-report.txt
-- Merging decision tree log ---
manifest
ADDED from AndroidManifest.xml:2:1
	package
		ADDED from AndroidManifest.xml:3:5
		INJECTED from AndroidManifest.xml:0:0
		INJECTED from AndroidManifest.xml:0:0
	android:versionName
		INJECTED from AndroidManifest.xml:0:0
		INJECTED from AndroidManifest.xml:0:0
	xmlns:android
		ADDED from AndroidManifest.xml:2:11
	android:versionCode
		INJECTED from AndroidManifest.xml:0:0
		INJECTED from AndroidManifest.xml:0:0
uses-permission#android.permission.INTERNET
ADDED from AndroidManifest.xml:5:5
	android:name
		ADDED from AndroidManifest.xml:5:22
uses-permission#android.permission.CAMERA
ADDED from AndroidManifest.xml:6:5
	android:name
		ADDED from AndroidManifest.xml:6:22
uses-permission#android.permission.WRITE_EXTERNAL_STORAGE
ADDED from AndroidManifest.xml:7:5
	android:name
		ADDED from AndroidManifest.xml:7:22
uses-permission#android.permission.MOUNT_UNMOUNT_FILESYSTEMS
ADDED from AndroidManifest.xml:8:5
	android:name
		ADDED from AndroidManifest.xml:8:22
application
ADDED from AndroidManifest.xml:10:5
MERGED from com.android.support:appcompat-v7:24.2.0:25:5
MERGED from com.android.support:support-vector-drawable:24.2.0:23:5
MERGED from com.android.support:support-compat:24.2.0:25:5
MERGED from com.android.support:animated-vector-drawable:24.2.0:22:5
MERGED from com.android.support:support-vector-drawable:24.2.0:23:5
MERGED from com.android.support:support-compat:24.2.0:25:5
MERGED from com.android.support:support-v4:24.2.0:25:5
MERGED from com.android.support:support-compat:24.2.0:25:5
MERGED from com.android.support:support-core-utils:24.2.0:25:5
MERGED from com.android.support:support-compat:24.2.0:25:5
MERGED from com.android.support:support-media-compat:24.2.0:25:5
MERGED from com.android.support:support-compat:24.2.0:25:5
MERGED from com.android.support:support-core-ui:24.2.0:25:5
MERGED from com.android.support:support-compat:24.2.0:25:5
MERGED from com.android.support:support-fragment:24.2.0:25:5
MERGED from com.android.support:support-compat:24.2.0:25:5
MERGED from com.android.support:support-core-utils:24.2.0:25:5
MERGED from com.android.support:support-compat:24.2.0:25:5
MERGED from com.android.support:support-media-compat:24.2.0:25:5
MERGED from com.android.support:support-compat:24.2.0:25:5
MERGED from com.android.support:support-core-ui:24.2.0:25:5
MERGED from com.android.support:support-compat:24.2.0:25:5
	android:label
		ADDED from AndroidManifest.xml:13:9
	android:allowBackup
		ADDED from AndroidManifest.xml:11:9
	android:icon
		ADDED from AndroidManifest.xml:12:9
	android:theme
		ADDED from AndroidManifest.xml:14:9
activity#teacher.pein.com.ts_android.MainActivity
ADDED from AndroidManifest.xml:15:9
	android:label
		ADDED from AndroidManifest.xml:17:13
	android:name
		ADDED from AndroidManifest.xml:16:13
intent-filter#android.intent.action.MAIN+android.intent.category.LAUNCHER
ADDED from AndroidManifest.xml:18:13
action#android.intent.action.MAIN
ADDED from AndroidManifest.xml:19:17
	android:name
		ADDED from AndroidManifest.xml:19:25
category#android.intent.category.LAUNCHER
ADDED from AndroidManifest.xml:21:17
	android:name
		ADDED from AndroidManifest.xml:21:27
activity#teacher.pein.com.ts_android.CameraActivity
ADDED from AndroidManifest.xml:24:9
	android:label
		ADDED from AndroidManifest.xml:26:13
	android:name
		ADDED from AndroidManifest.xml:25:13
uses-sdk
INJECTED from AndroidManifest.xml:0:0 reason: use-sdk injection requested
MERGED from com.android.support:appcompat-v7:24.2.0:21:5
MERGED from com.android.support:support-vector-drawable:24.2.0:21:5
MERGED from com.android.support:support-compat:24.2.0:21:5
MERGED from com.android.support:animated-vector-drawable:24.2.0:20:5
MERGED from com.android.support:support-vector-drawable:24.2.0:21:5
MERGED from com.android.support:support-compat:24.2.0:21:5
MERGED from com.android.support:support-v4:24.2.0:21:5
MERGED from com.android.support:support-compat:24.2.0:21:5
MERGED from com.android.support:support-core-utils:24.2.0:21:5
MERGED from com.android.support:support-compat:24.2.0:21:5
MERGED from com.android.support:support-media-compat:24.2.0:21:5
MERGED from com.android.support:support-compat:24.2.0:21:5
MERGED from com.android.support:support-core-ui:24.2.0:21:5
MERGED from com.android.support:support-compat:24.2.0:21:5
MERGED from com.android.support:support-fragment:24.2.0:21:5
MERGED from com.android.support:support-compat:24.2.0:21:5
MERGED from com.android.support:support-core-utils:24.2.0:21:5
MERGED from com.android.support:support-compat:24.2.0:21:5
MERGED from com.android.support:support-media-compat:24.2.0:21:5
MERGED from com.android.support:support-compat:24.2.0:21:5
MERGED from com.android.support:support-core-ui:24.2.0:21:5
MERGED from com.android.support:support-compat:24.2.0:21:5
	tools:overrideLibrary
		ADDED from com.android.support:appcompat-v7:24.2.0:23:9
	android:targetSdkVersion
		INJECTED from AndroidManifest.xml:0:0
		INJECTED from AndroidManifest.xml:0:0
	android:minSdkVersion
		INJECTED from AndroidManifest.xml:0:0
		INJECTED from AndroidManifest.xml:0:0